d:\visualstudio projects\codepractice\consoleapplication1\consoleapplication1\x64\debug\consoleapplication1.pch
d:\visualstudio projects\codepractice\consoleapplication1\consoleapplication1\x64\debug\vc140.pdb
d:\visualstudio projects\codepractice\consoleapplication1\consoleapplication1\x64\debug\vc140.idb
d:\visualstudio projects\codepractice\consoleapplication1\consoleapplication1\x64\debug\stdafx.obj
d:\visualstudio projects\codepractice\consoleapplication1\consoleapplication1\x64\debug\a.obj
d:\visualstudio projects\codepractice\consoleapplication1\consoleapplication1\x64\debug\algorithm2.obj
d:\visualstudio projects\codepractice\consoleapplication1\consoleapplication1\x64\debug\algorithmcollection.obj
d:\visualstudio projects\codepractice\consoleapplication1\consoleapplication1\x64\debug\b.obj
d:\visualstudio projects\codepractice\consoleapplication1\consoleapplication1\x64\debug\c.obj
d:\visualstudio projects\codepractice\consoleapplication1\consoleapplication1\x64\debug\readfromtxt.obj
d:\visualstudio projects\codepractice\consoleapplication1\consoleapplication1\x64\debug\topsort.obj
d:\visualstudio projects\codepractice\consoleapplication1\x64\debug\consoleapplication1.pdb
d:\visualstudio projects\codepractice\consoleapplication1\consoleapplication1\x64\debug\consolea.c57c4d6f.tlog\cl.command.1.tlog
d:\visualstudio projects\codepractice\consoleapplication1\consoleapplication1\x64\debug\consolea.c57c4d6f.tlog\cl.read.1.tlog
d:\visualstudio projects\codepractice\consoleapplication1\consoleapplication1\x64\debug\consolea.c57c4d6f.tlog\cl.write.1.tlog
d:\visualstudio projects\codepractice\consoleapplication1\consoleapplication1\x64\debug\consolea.c57c4d6f.tlog\link-cvtres.read.1.tlog
d:\visualstudio projects\codepractice\consoleapplication1\consoleapplication1\x64\debug\consolea.c57c4d6f.tlog\link-cvtres.write.1.tlog
d:\visualstudio projects\codepractice\consoleapplication1\consoleapplication1\x64\debug\consolea.c57c4d6f.tlog\link-rc.read.1.tlog
d:\visualstudio projects\codepractice\consoleapplication1\consoleapplication1\x64\debug\consolea.c57c4d6f.tlog\link-rc.write.1.tlog
d:\visualstudio projects\codepractice\consoleapplication1\consoleapplication1\x64\debug\consolea.c57c4d6f.tlog\link.command.1.tlog
d:\visualstudio projects\codepractice\consoleapplication1\consoleapplication1\x64\debug\consolea.c57c4d6f.tlog\link.read.1.tlog
d:\visualstudio projects\codepractice\consoleapplication1\consoleapplication1\x64\debug\consolea.c57c4d6f.tlog\link.write.1.tlog
