d:\miwa\offer\codepractice\codepractice\consoleapplication1\consoleapplication1\debug\consoleapplication1.pch.codeanalysis
d:\miwa\offer\codepractice\codepractice\consoleapplication1\consoleapplication1\debug\vc140.pdb
d:\miwa\offer\codepractice\codepractice\consoleapplication1\consoleapplication1\debug\vc140.idb
d:\miwa\offer\codepractice\codepractice\consoleapplication1\consoleapplication1\debug\consoleapplication1.pch.codeanalysisast
d:\miwa\offer\codepractice\codepractice\consoleapplication1\consoleapplication1\debug\stdafx.nativecodeanalysis.xml
d:\miwa\offer\codepractice\codepractice\consoleapplication1\consoleapplication1\debug\stdafx.obj
d:\miwa\offer\codepractice\codepractice\consoleapplication1\consoleapplication1\debug\consoleapplication1.pch
d:\miwa\offer\codepractice\codepractice\consoleapplication1\consoleapplication1\debug\a.nativecodeanalysis.xml
d:\miwa\offer\codepractice\codepractice\consoleapplication1\consoleapplication1\debug\algorithm2.nativecodeanalysis.xml
d:\miwa\offer\codepractice\codepractice\consoleapplication1\consoleapplication1\debug\algorithmcollection.nativecodeanalysis.xml
d:\miwa\offer\codepractice\codepractice\consoleapplication1\consoleapplication1\debug\consoleapplication1.nativecodeanalysis.xml
d:\miwa\offer\codepractice\codepractice\consoleapplication1\consoleapplication1\debug\readfromtxt.nativecodeanalysis.xml
d:\miwa\offer\codepractice\codepractice\consoleapplication1\consoleapplication1\debug\topsort.nativecodeanalysis.xml
d:\miwa\offer\codepractice\codepractice\consoleapplication1\consoleapplication1\debug\topsort.obj
d:\miwa\offer\codepractice\codepractice\consoleapplication1\consoleapplication1\debug\readfromtxt.obj
d:\miwa\offer\codepractice\codepractice\consoleapplication1\consoleapplication1\debug\consoleapplication1.obj
d:\miwa\offer\codepractice\codepractice\consoleapplication1\consoleapplication1\debug\algorithmcollection.obj
d:\miwa\offer\codepractice\codepractice\consoleapplication1\consoleapplication1\debug\algorithm2.obj
d:\miwa\offer\codepractice\codepractice\consoleapplication1\consoleapplication1\debug\a.obj
d:\miwa\offer\codepractice\codepractice\consoleapplication1\debug\consoleapplication1.ilk
d:\miwa\offer\codepractice\codepractice\consoleapplication1\debug\consoleapplication1.exe
d:\miwa\offer\codepractice\codepractice\consoleapplication1\debug\consoleapplication1.pdb
d:\miwa\offer\codepractice\codepractice\consoleapplication1\consoleapplication1\debug\consolea.c57c4d6f.tlog\cl.command.1.tlog
d:\miwa\offer\codepractice\codepractice\consoleapplication1\consoleapplication1\debug\consolea.c57c4d6f.tlog\cl.read.1.tlog
d:\miwa\offer\codepractice\codepractice\consoleapplication1\consoleapplication1\debug\consolea.c57c4d6f.tlog\cl.write.1.tlog
d:\miwa\offer\codepractice\codepractice\consoleapplication1\consoleapplication1\debug\consolea.c57c4d6f.tlog\link.command.1.tlog
d:\miwa\offer\codepractice\codepractice\consoleapplication1\consoleapplication1\debug\consolea.c57c4d6f.tlog\link.read.1.tlog
d:\miwa\offer\codepractice\codepractice\consoleapplication1\consoleapplication1\debug\consolea.c57c4d6f.tlog\link.write.1.tlog
